# JRE version: OpenJDK Runtime Environment Temurin-17.0.4.1+1 (17.0.4.1+1) (build 17.0.4.1+1)
# Java VM: OpenJDK 64-Bit Server VM Temurin-17.0.4.1+1 (17.0.4.1+1, mixed mode, tiered, compressed oops, compressed class ptrs, parallel gc, windows-amd64)
GC Precious Log:
 CPUs: 16 total, 16 available
 Memory: 16110M
 Large Page Support: Disabled
 NUMA Support: Disabled
 Compressed Oops: Enabled (32-bit)
 Alignments: Space 512K, Generation 512K, Heap 2M
 Heap Min Capacity: 100M
 Heap Initial Capacity: 100M
 Heap Max Capacity: 1G
 Pre-touch: Disabled
 Parallel Workers: 13
Heap:
 PSYoungGen      total 50688K, used 21210K [0x00000000eab00000, 0x00000000ee680000, 0x0000000100000000)
  eden space 47104K, 37% used [0x00000000eab00000,0x00000000ebc616f0,0x00000000ed900000)
  from space 3584K, 95% used [0x00000000eda00000,0x00000000edd55200,0x00000000edd80000)
  to   space 6144K, 0% used [0x00000000ee080000,0x00000000ee080000,0x00000000ee680000)
 ParOldGen       total 160256K, used 142508K [0x00000000c0000000, 0x00000000c9c80000, 0x00000000eab00000)
  object space 160256K, 88% used [0x00000000c0000000,0x00000000c8b2b040,0x00000000c9c80000)
 Metaspace       used 78277K, committed 79424K, reserved 1122304K
  class space    used 7500K, committed 8000K, reserved 1048576K
GC Heap History (20 events):
Event: 9225.933 GC heap before
{Heap before GC invocations=1662 (full 64):
 PSYoungGen      total 66560K, used 66316K [0x00000000eab00000, 0x00000000eef00000, 0x0000000100000000)
  eden space 64000K, 100% used [0x00000000eab00000,0x00000000ee980000,0x00000000ee980000)
  from space 2560K, 90% used [0x00000000eec80000,0x00000000eeec3120,0x00000000eef00000)
  to   space 2560K, 0% used [0x00000000eea00000,0x00000000eea00000,0x00000000eec80000)
 ParOldGen       total 160256K, used 102433K [0x00000000c0000000, 0x00000000c9c80000, 0x00000000eab00000)
  object space 160256K, 63% used [0x00000000c0000000,0x00000000c6408490,0x00000000c9c80000)
 Metaspace       used 77968K, committed 79104K, reserved 1122304K
  class space    used 7479K, committed 8000K, reserved 1048576K
}
Event: 9225.936 GC heap after
{Heap after GC invocations=1662 (full 64):
 PSYoungGen      total 67072K, used 2541K [0x00000000eab00000, 0x00000000ef580000, 0x0000000100000000)
  eden space 64512K, 0% used [0x00000000eab00000,0x00000000eab00000,0x00000000eea00000)
  from space 2560K, 99% used [0x00000000eea00000,0x00000000eec7b610,0x00000000eec80000)
  to   space 4608K, 0% used [0x00000000ef100000,0x00000000ef100000,0x00000000ef580000)
 ParOldGen       total 160256K, used 104001K [0x00000000c0000000, 0x00000000c9c80000, 0x00000000eab00000)
  object space 160256K, 64% used [0x00000000c0000000,0x00000000c6590538,0x00000000c9c80000)
 Metaspace       used 77968K, committed 79104K, reserved 1122304K
  class space    used 7479K, committed 8000K, reserved 1048576K
}
Event: 9936.332 GC heap before
{Heap before GC invocations=1663 (full 64):
 PSYoungGen      total 67072K, used 67053K [0x00000000eab00000, 0x00000000ef580000, 0x0000000100000000)
  eden space 64512K, 100% used [0x00000000eab00000,0x00000000eea00000,0x00000000eea00000)
  from space 2560K, 99% used [0x00000000eea00000,0x00000000eec7b610,0x00000000eec80000)
  to   space 4608K, 0% used [0x00000000ef100000,0x00000000ef100000,0x00000000ef580000)
 ParOldGen       total 160256K, used 104001K [0x00000000c0000000, 0x00000000c9c80000, 0x00000000eab00000)
  object space 160256K, 64% used [0x00000000c0000000,0x00000000c6590538,0x00000000c9c80000)
 Metaspace       used 78133K, committed 79296K, reserved 1122304K
  class space    used 7496K, committed 8000K, reserved 1048576K
}
Event: 9936.339 GC heap after
{Heap after GC invocations=1663 (full 64):
 PSYoungGen      total 61440K, used 4591K [0x00000000eab00000, 0x00000000f0580000, 0x0000000100000000)
  eden space 56832K, 0% used [0x00000000eab00000,0x00000000eab00000,0x00000000ee280000)
  from space 4608K, 99% used [0x00000000ef100000,0x00000000ef57bca8,0x00000000ef580000)
  to   space 14848K, 0% used [0x00000000ee280000,0x00000000ee280000,0x00000000ef100000)
 ParOldGen       total 160256K, used 112280K [0x00000000c0000000, 0x00000000c9c80000, 0x00000000eab00000)
  object space 160256K, 70% used [0x00000000c0000000,0x00000000c6da6138,0x00000000c9c80000)
 Metaspace       used 78133K, committed 79296K, reserved 1122304K
  class space    used 7496K, committed 8000K, reserved 1048576K
}
Event: 9936.387 GC heap before
{Heap before GC invocations=1664 (full 64):
 PSYoungGen      total 61440K, used 54909K [0x00000000eab00000, 0x00000000f0580000, 0x0000000100000000)
  eden space 56832K, 88% used [0x00000000eab00000,0x00000000edc238b8,0x00000000ee280000)
  from space 4608K, 99% used [0x00000000ef100000,0x00000000ef57bca8,0x00000000ef580000)
  to   space 14848K, 0% used [0x00000000ee280000,0x00000000ee280000,0x00000000ef100000)
 ParOldGen       total 160256K, used 112280K [0x00000000c0000000, 0x00000000c9c80000, 0x00000000eab00000)
  object space 160256K, 70% used [0x00000000c0000000,0x00000000c6da6138,0x00000000c9c80000)
 Metaspace       used 78138K, committed 79296K, reserved 1122304K
  class space    used 7496K, committed 8000K, reserved 1048576K
}
Event: 9936.390 GC heap after
{Heap after GC invocations=1664 (full 64):
 PSYoungGen      total 67584K, used 11817K [0x00000000eab00000, 0x00000000ef900000, 0x0000000100000000)
  eden space 55296K, 0% used [0x00000000eab00000,0x00000000eab00000,0x00000000ee100000)
  from space 12288K, 96% used [0x00000000ee280000,0x00000000eee0a430,0x00000000eee80000)
  to   space 10752K, 0% used [0x00000000eee80000,0x00000000eee80000,0x00000000ef900000)
 ParOldGen       total 160256K, used 112280K [0x00000000c0000000, 0x00000000c9c80000, 0x00000000eab00000)
  object space 160256K, 70% used [0x00000000c0000000,0x00000000c6da6138,0x00000000c9c80000)
 Metaspace       used 78138K, committed 79296K, reserved 1122304K
  class space    used 7496K, committed 8000K, reserved 1048576K
}
Event: 9937.486 GC heap before
{Heap before GC invocations=1665 (full 64):
 PSYoungGen      total 67584K, used 65896K [0x00000000eab00000, 0x00000000ef900000, 0x0000000100000000)
  eden space 55296K, 97% used [0x00000000eab00000,0x00000000edfcff30,0x00000000ee100000)
  from space 12288K, 96% used [0x00000000ee280000,0x00000000eee0a430,0x00000000eee80000)
  to   space 10752K, 0% used [0x00000000eee80000,0x00000000eee80000,0x00000000ef900000)
 ParOldGen       total 160256K, used 112280K [0x00000000c0000000, 0x00000000c9c80000, 0x00000000eab00000)
  object space 160256K, 70% used [0x00000000c0000000,0x00000000c6da6138,0x00000000c9c80000)
 Metaspace       used 78148K, committed 79296K, reserved 1122304K
  class space    used 7496K, committed 8000K, reserved 1048576K
}
Event: 9937.492 GC heap after
{Heap after GC invocations=1665 (full 64):
 PSYoungGen      total 59392K, used 5106K [0x00000000eab00000, 0x00000000ef380000, 0x0000000100000000)
  eden space 54272K, 0% used [0x00000000eab00000,0x00000000eab00000,0x00000000ee000000)
  from space 5120K, 99% used [0x00000000eee80000,0x00000000ef37c800,0x00000000ef380000)
  to   space 7680K, 0% used [0x00000000ee480000,0x00000000ee480000,0x00000000eec00000)
 ParOldGen       total 160256K, used 131480K [0x00000000c0000000, 0x00000000c9c80000, 0x00000000eab00000)
  object space 160256K, 82% used [0x00000000c0000000,0x00000000c8066158,0x00000000c9c80000)
 Metaspace       used 78148K, committed 79296K, reserved 1122304K
  class space    used 7496K, committed 8000K, reserved 1048576K
}
Event: 9946.323 GC heap before
{Heap before GC invocations=1666 (full 64):
 PSYoungGen      total 59392K, used 59378K [0x00000000eab00000, 0x00000000ef380000, 0x0000000100000000)
  eden space 54272K, 100% used [0x00000000eab00000,0x00000000ee000000,0x00000000ee000000)
  from space 5120K, 99% used [0x00000000eee80000,0x00000000ef37c800,0x00000000ef380000)
  to   space 7680K, 0% used [0x00000000ee480000,0x00000000ee480000,0x00000000eec00000)
 ParOldGen       total 160256K, used 131480K [0x00000000c0000000, 0x00000000c9c80000, 0x00000000eab00000)
  object space 160256K, 82% used [0x00000000c0000000,0x00000000c8066158,0x00000000c9c80000)
 Metaspace       used 78193K, committed 79360K, reserved 1122304K
  class space    used 7496K, committed 8000K, reserved 1048576K
}
Event: 9946.326 GC heap after
{Heap after GC invocations=1666 (full 64):
 PSYoungGen      total 60928K, used 7667K [0x00000000eab00000, 0x00000000ef000000, 0x0000000100000000)
  eden space 53248K, 0% used [0x00000000eab00000,0x00000000eab00000,0x00000000edf00000)
  from space 7680K, 99% used [0x00000000ee480000,0x00000000eebfcc20,0x00000000eec00000)
  to   space 4096K, 0% used [0x00000000eec00000,0x00000000eec00000,0x00000000ef000000)
 ParOldGen       total 160256K, used 131635K [0x00000000c0000000, 0x00000000c9c80000, 0x00000000eab00000)
  object space 160256K, 82% used [0x00000000c0000000,0x00000000c808cc28,0x00000000c9c80000)
 Metaspace       used 78193K, committed 79360K, reserved 1122304K
  class space    used 7496K, committed 8000K, reserved 1048576K
}
Event: 9946.441 GC heap before
{Heap before GC invocations=1667 (full 64):
 PSYoungGen      total 60928K, used 60869K [0x00000000eab00000, 0x00000000ef000000, 0x0000000100000000)
  eden space 53248K, 99% used [0x00000000eab00000,0x00000000edef48f8,0x00000000edf00000)
  from space 7680K, 99% used [0x00000000ee480000,0x00000000eebfcc20,0x00000000eec00000)
  to   space 4096K, 0% used [0x00000000eec00000,0x00000000eec00000,0x00000000ef000000)
 ParOldGen       total 160256K, used 131635K [0x00000000c0000000, 0x00000000c9c80000, 0x00000000eab00000)
  object space 160256K, 82% used [0x00000000c0000000,0x00000000c808cc28,0x00000000c9c80000)
 Metaspace       used 78210K, committed 79360K, reserved 1122304K
  class space    used 7498K, committed 8000K, reserved 1048576K
}
Event: 9946.445 GC heap after
{Heap after GC invocations=1667 (full 64):
 PSYoungGen      total 56320K, used 4066K [0x00000000eab00000, 0x00000000ef000000, 0x0000000100000000)
  eden space 52224K, 0% used [0x00000000eab00000,0x00000000eab00000,0x00000000ede00000)
  from space 4096K, 99% used [0x00000000eec00000,0x00000000eeff89c0,0x00000000ef000000)
  to   space 7680K, 0% used [0x00000000ee100000,0x00000000ee100000,0x00000000ee880000)
 ParOldGen       total 160256K, used 134622K [0x00000000c0000000, 0x00000000c9c80000, 0x00000000eab00000)
  object space 160256K, 84% used [0x00000000c0000000,0x00000000c83779d0,0x00000000c9c80000)
 Metaspace       used 78210K, committed 79360K, reserved 1122304K
  class space    used 7498K, committed 8000K, reserved 1048576K
}
Event: 9948.790 GC heap before
{Heap before GC invocations=1668 (full 64):
 PSYoungGen      total 56320K, used 56290K [0x00000000eab00000, 0x00000000ef000000, 0x0000000100000000)
  eden space 52224K, 100% used [0x00000000eab00000,0x00000000ede00000,0x00000000ede00000)
  from space 4096K, 99% used [0x00000000eec00000,0x00000000eeff89c0,0x00000000ef000000)
  to   space 7680K, 0% used [0x00000000ee100000,0x00000000ee100000,0x00000000ee880000)
 ParOldGen       total 160256K, used 134622K [0x00000000c0000000, 0x00000000c9c80000, 0x00000000eab00000)
  object space 160256K, 84% used [0x00000000c0000000,0x00000000c83779d0,0x00000000c9c80000)
 Metaspace       used 78247K, committed 79424K, reserved 1122304K
  class space    used 7500K, committed 8000K, reserved 1048576K
}
Event: 9948.792 GC heap after
{Heap after GC invocations=1668 (full 64):
 PSYoungGen      total 56832K, used 5179K [0x00000000eab00000, 0x00000000eec80000, 0x0000000100000000)
  eden space 51200K, 0% used [0x00000000eab00000,0x00000000eab00000,0x00000000edd00000)
  from space 5632K, 91% used [0x00000000ee100000,0x00000000ee60edb0,0x00000000ee680000)
  to   space 6144K, 0% used [0x00000000ee680000,0x00000000ee680000,0x00000000eec80000)
 ParOldGen       total 160256K, used 134630K [0x00000000c0000000, 0x00000000c9c80000, 0x00000000eab00000)
  object space 160256K, 84% used [0x00000000c0000000,0x00000000c83799d0,0x00000000c9c80000)
 Metaspace       used 78247K, committed 79424K, reserved 1122304K
  class space    used 7500K, committed 8000K, reserved 1048576K
}
Event: 10797.429 GC heap before
{Heap before GC invocations=1669 (full 64):
 PSYoungGen      total 56832K, used 56379K [0x00000000eab00000, 0x00000000eec80000, 0x0000000100000000)
  eden space 51200K, 100% used [0x00000000eab00000,0x00000000edd00000,0x00000000edd00000)
  from space 5632K, 91% used [0x00000000ee100000,0x00000000ee60edb0,0x00000000ee680000)
  to   space 6144K, 0% used [0x00000000ee680000,0x00000000ee680000,0x00000000eec80000)
 ParOldGen       total 160256K, used 134630K [0x00000000c0000000, 0x00000000c9c80000, 0x00000000eab00000)
  object space 160256K, 84% used [0x00000000c0000000,0x00000000c83799d0,0x00000000c9c80000)
 Metaspace       used 78273K, committed 79424K, reserved 1122304K
  class space    used 7500K, committed 8000K, reserved 1048576K
}
Event: 10797.432 GC heap after
{Heap after GC invocations=1669 (full 64):
 PSYoungGen      total 56320K, used 6063K [0x00000000eab00000, 0x00000000eec80000, 0x0000000100000000)
  eden space 50176K, 0% used [0x00000000eab00000,0x00000000eab00000,0x00000000edc00000)
  from space 6144K, 98% used [0x00000000ee680000,0x00000000eec6bfd0,0x00000000eec80000)
  to   space 6656K, 0% used [0x00000000edf80000,0x00000000edf80000,0x00000000ee600000)
 ParOldGen       total 160256K, used 134630K [0x00000000c0000000, 0x00000000c9c80000, 0x00000000eab00000)
  object space 160256K, 84% used [0x00000000c0000000,0x00000000c83799d0,0x00000000c9c80000)
 Metaspace       used 78273K, committed 79424K, reserved 1122304K
  class space    used 7500K, committed 8000K, reserved 1048576K
}
Event: 10797.477 GC heap before
{Heap before GC invocations=1670 (full 64):
 PSYoungGen      total 56320K, used 56239K [0x00000000eab00000, 0x00000000eec80000, 0x0000000100000000)
  eden space 50176K, 100% used [0x00000000eab00000,0x00000000edc00000,0x00000000edc00000)
  from space 6144K, 98% used [0x00000000ee680000,0x00000000eec6bfd0,0x00000000eec80000)
  to   space 6656K, 0% used [0x00000000edf80000,0x00000000edf80000,0x00000000ee600000)
 ParOldGen       total 160256K, used 134630K [0x00000000c0000000, 0x00000000c9c80000, 0x00000000eab00000)
  object space 160256K, 84% used [0x00000000c0000000,0x00000000c83799d0,0x00000000c9c80000)
 Metaspace       used 78273K, committed 79424K, reserved 1122304K
  class space    used 7500K, committed 8000K, reserved 1048576K
}
Event: 10797.479 GC heap after
{Heap after GC invocations=1670 (full 64):
 PSYoungGen      total 55808K, used 6627K [0x00000000eab00000, 0x00000000eea00000, 0x0000000100000000)
  eden space 49152K, 0% used [0x00000000eab00000,0x00000000eab00000,0x00000000edb00000)
  from space 6656K, 99% used [0x00000000edf80000,0x00000000ee5f8d20,0x00000000ee600000)
  to   space 4096K, 0% used [0x00000000ee600000,0x00000000ee600000,0x00000000eea00000)
 ParOldGen       total 160256K, used 135251K [0x00000000c0000000, 0x00000000c9c80000, 0x00000000eab00000)
  object space 160256K, 84% used [0x00000000c0000000,0x00000000c8414cc0,0x00000000c9c80000)
 Metaspace       used 78273K, committed 79424K, reserved 1122304K
  class space    used 7500K, committed 8000K, reserved 1048576K
}
Event: 10797.513 GC heap before
{Heap before GC invocations=1671 (full 64):
 PSYoungGen      total 55808K, used 55779K [0x00000000eab00000, 0x00000000eea00000, 0x0000000100000000)
  eden space 49152K, 100% used [0x00000000eab00000,0x00000000edb00000,0x00000000edb00000)
  from space 6656K, 99% used [0x00000000edf80000,0x00000000ee5f8d20,0x00000000ee600000)
  to   space 4096K, 0% used [0x00000000ee600000,0x00000000ee600000,0x00000000eea00000)
 ParOldGen       total 160256K, used 135251K [0x00000000c0000000, 0x00000000c9c80000, 0x00000000eab00000)
  object space 160256K, 84% used [0x00000000c0000000,0x00000000c8414cc0,0x00000000c9c80000)
 Metaspace       used 78273K, committed 79424K, reserved 1122304K
  class space    used 7500K, committed 8000K, reserved 1048576K
}
Event: 10797.518 GC heap after
{Heap after GC invocations=1671 (full 64):
 PSYoungGen      total 52224K, used 4093K [0x00000000eab00000, 0x00000000ef000000, 0x0000000100000000)
  eden space 48128K, 0% used [0x00000000eab00000,0x00000000eab00000,0x00000000eda00000)
  from space 4096K, 99% used [0x00000000ee600000,0x00000000ee9ff600,0x00000000eea00000)
  to   space 11264K, 0% used [0x00000000eda00000,0x00000000eda00000,0x00000000ee500000)
 ParOldGen       total 160256K, used 141505K [0x00000000c0000000, 0x00000000c9c80000, 0x00000000eab00000)
  object space 160256K, 88% used [0x00000000c0000000,0x00000000c8a307a8,0x00000000c9c80000)
 Metaspace       used 78273K, committed 79424K, reserved 1122304K
  class space    used 7500K, committed 8000K, reserved 1048576K
}

