# JRE version: OpenJDK Runtime Environment Temurin-21.0.10+7 (21.0.10+7) (build 21.0.10+7-LTS)
# Java VM: OpenJDK 64-Bit Server VM Temurin-21.0.10+7 (21.0.10+7-LTS, mixed mode, sharing, tiered, compressed oops, compressed class ptrs, parallel gc, windows-amd64)
GC Precious Log:
 CardTable entry size: 512
 CPUs: 16 total, 16 available
 Memory: 16110M
 Large Page Support: Disabled
 NUMA Support: Disabled
 Compressed Oops: Enabled (32-bit)
 Alignments: Space 512K, Generation 512K, Heap 2M
 Heap Min Capacity: 100M
 Heap Initial Capacity: 100M
 Heap Max Capacity: 2G
 Pre-touch: Disabled
 Parallel Workers: 13
Heap:
 PSYoungGen      total 13824K, used 13664K [0x00000000d5580000, 0x00000000d6480000, 0x0000000100000000)
  eden space 13312K, 100% used [0x00000000d5580000,0x00000000d6280000,0x00000000d6280000)
  from space 512K, 68% used [0x00000000d6280000,0x00000000d62d8000,0x00000000d6300000)
  to   space 512K, 97% used [0x00000000d6400000,0x00000000d647d658,0x00000000d6480000)
 ParOldGen       total 84992K, used 84990K [0x0000000080000000, 0x0000000085300000, 0x00000000d5580000)
  object space 84992K, 99% used [0x0000000080000000,0x00000000852ffa80,0x0000000085300000)
 Metaspace       used 69140K, committed 70720K, reserved 1114112K
  class space    used 7049K, committed 7744K, reserved 1048576K
GC Heap History (20 events):
Event: 21.118 GC heap before
{Heap before GC invocations=89 (full 3):
 PSYoungGen      total 14848K, used 14400K [0x00000000d5580000, 0x00000000d6600000, 0x0000000100000000)
  eden space 13824K, 100% used [0x00000000d5580000,0x00000000d6300000,0x00000000d6300000)
  from space 1024K, 56% used [0x00000000d6480000,0x00000000d6510000,0x00000000d6580000)
  to   space 512K, 0% used [0x00000000d6580000,0x00000000d6580000,0x00000000d6600000)
 ParOldGen       total 81408K, used 81146K [0x0000000080000000, 0x0000000084f80000, 0x00000000d5580000)
  object space 81408K, 99% used [0x0000000080000000,0x0000000084f3e8f8,0x0000000084f80000)
 Metaspace       used 68699K, committed 70272K, reserved 1114112K
  class space    used 7028K, committed 7744K, reserved 1048576K
}
Event: 21.119 GC heap after
{Heap after GC invocations=89 (full 3):
 PSYoungGen      total 14336K, used 480K [0x00000000d5580000, 0x00000000d6600000, 0x0000000100000000)
  eden space 13824K, 0% used [0x00000000d5580000,0x00000000d5580000,0x00000000d6300000)
  from space 512K, 93% used [0x00000000d6580000,0x00000000d65f8020,0x00000000d6600000)
  to   space 1024K, 0% used [0x00000000d6400000,0x00000000d6400000,0x00000000d6500000)
 ParOldGen       total 81920K, used 81456K [0x0000000080000000, 0x0000000085000000, 0x00000000d5580000)
  object space 81920K, 99% used [0x0000000080000000,0x0000000084f8c108,0x0000000085000000)
 Metaspace       used 68699K, committed 70272K, reserved 1114112K
  class space    used 7028K, committed 7744K, reserved 1048576K
}
Event: 21.585 GC heap before
{Heap before GC invocations=90 (full 3):
 PSYoungGen      total 14336K, used 14304K [0x00000000d5580000, 0x00000000d6600000, 0x0000000100000000)
  eden space 13824K, 100% used [0x00000000d5580000,0x00000000d6300000,0x00000000d6300000)
  from space 512K, 93% used [0x00000000d6580000,0x00000000d65f8020,0x00000000d6600000)
  to   space 1024K, 0% used [0x00000000d6400000,0x00000000d6400000,0x00000000d6500000)
 ParOldGen       total 81920K, used 81456K [0x0000000080000000, 0x0000000085000000, 0x00000000d5580000)
  object space 81920K, 99% used [0x0000000080000000,0x0000000084f8c108,0x0000000085000000)
 Metaspace       used 68824K, committed 70400K, reserved 1114112K
  class space    used 7031K, committed 7744K, reserved 1048576K
}
Event: 21.587 GC heap after
{Heap after GC invocations=90 (full 3):
 PSYoungGen      total 14848K, used 512K [0x00000000d5580000, 0x00000000d6600000, 0x0000000100000000)
  eden space 13824K, 0% used [0x00000000d5580000,0x00000000d5580000,0x00000000d6300000)
  from space 1024K, 50% used [0x00000000d6400000,0x00000000d6480000,0x00000000d6500000)
  to   space 1024K, 0% used [0x00000000d6500000,0x00000000d6500000,0x00000000d6600000)
 ParOldGen       total 81920K, used 81780K [0x0000000080000000, 0x0000000085000000, 0x00000000d5580000)
  object space 81920K, 99% used [0x0000000080000000,0x0000000084fdd0a0,0x0000000085000000)
 Metaspace       used 68824K, committed 70400K, reserved 1114112K
  class space    used 7031K, committed 7744K, reserved 1048576K
}
Event: 21.952 GC heap before
{Heap before GC invocations=91 (full 3):
 PSYoungGen      total 14848K, used 14336K [0x00000000d5580000, 0x00000000d6600000, 0x0000000100000000)
  eden space 13824K, 100% used [0x00000000d5580000,0x00000000d6300000,0x00000000d6300000)
  from space 1024K, 50% used [0x00000000d6400000,0x00000000d6480000,0x00000000d6500000)
  to   space 1024K, 0% used [0x00000000d6500000,0x00000000d6500000,0x00000000d6600000)
 ParOldGen       total 81920K, used 81780K [0x0000000080000000, 0x0000000085000000, 0x00000000d5580000)
  object space 81920K, 99% used [0x0000000080000000,0x0000000084fdd0a0,0x0000000085000000)
 Metaspace       used 68891K, committed 70400K, reserved 1114112K
  class space    used 7034K, committed 7744K, reserved 1048576K
}
Event: 21.953 GC heap after
{Heap after GC invocations=91 (full 3):
 PSYoungGen      total 14848K, used 528K [0x00000000d5580000, 0x00000000d6600000, 0x0000000100000000)
  eden space 13824K, 0% used [0x00000000d5580000,0x00000000d5580000,0x00000000d6300000)
  from space 1024K, 51% used [0x00000000d6500000,0x00000000d6584010,0x00000000d6600000)
  to   space 1024K, 0% used [0x00000000d6400000,0x00000000d6400000,0x00000000d6500000)
 ParOldGen       total 82432K, used 82007K [0x0000000080000000, 0x0000000085080000, 0x00000000d5580000)
  object space 82432K, 99% used [0x0000000080000000,0x0000000085015fb0,0x0000000085080000)
 Metaspace       used 68891K, committed 70400K, reserved 1114112K
  class space    used 7034K, committed 7744K, reserved 1048576K
}
Event: 22.599 GC heap before
{Heap before GC invocations=92 (full 3):
 PSYoungGen      total 14848K, used 14352K [0x00000000d5580000, 0x00000000d6600000, 0x0000000100000000)
  eden space 13824K, 100% used [0x00000000d5580000,0x00000000d6300000,0x00000000d6300000)
  from space 1024K, 51% used [0x00000000d6500000,0x00000000d6584010,0x00000000d6600000)
  to   space 1024K, 0% used [0x00000000d6400000,0x00000000d6400000,0x00000000d6500000)
 ParOldGen       total 82432K, used 82007K [0x0000000080000000, 0x0000000085080000, 0x00000000d5580000)
  object space 82432K, 99% used [0x0000000080000000,0x0000000085015fb0,0x0000000085080000)
 Metaspace       used 68964K, committed 70528K, reserved 1114112K
  class space    used 7034K, committed 7744K, reserved 1048576K
}
Event: 22.602 GC heap after
{Heap after GC invocations=92 (full 3):
 PSYoungGen      total 14848K, used 544K [0x00000000d5580000, 0x00000000d6580000, 0x0000000100000000)
  eden space 13824K, 0% used [0x00000000d5580000,0x00000000d5580000,0x00000000d6300000)
  from space 1024K, 53% used [0x00000000d6400000,0x00000000d6488000,0x00000000d6500000)
  to   space 512K, 0% used [0x00000000d6500000,0x00000000d6500000,0x00000000d6580000)
 ParOldGen       total 82432K, used 82325K [0x0000000080000000, 0x0000000085080000, 0x00000000d5580000)
  object space 82432K, 99% used [0x0000000080000000,0x00000000850657c8,0x0000000085080000)
 Metaspace       used 68964K, committed 70528K, reserved 1114112K
  class space    used 7034K, committed 7744K, reserved 1048576K
}
Event: 23.046 GC heap before
{Heap before GC invocations=93 (full 3):
 PSYoungGen      total 14848K, used 14368K [0x00000000d5580000, 0x00000000d6580000, 0x0000000100000000)
  eden space 13824K, 100% used [0x00000000d5580000,0x00000000d6300000,0x00000000d6300000)
  from space 1024K, 53% used [0x00000000d6400000,0x00000000d6488000,0x00000000d6500000)
  to   space 512K, 0% used [0x00000000d6500000,0x00000000d6500000,0x00000000d6580000)
 ParOldGen       total 82432K, used 82325K [0x0000000080000000, 0x0000000085080000, 0x00000000d5580000)
  object space 82432K, 99% used [0x0000000080000000,0x00000000850657c8,0x0000000085080000)
 Metaspace       used 69008K, committed 70592K, reserved 1114112K
  class space    used 7035K, committed 7744K, reserved 1048576K
}
Event: 23.047 GC heap after
{Heap after GC invocations=93 (full 3):
 PSYoungGen      total 14336K, used 482K [0x00000000d5580000, 0x00000000d6580000, 0x0000000100000000)
  eden space 13824K, 0% used [0x00000000d5580000,0x00000000d5580000,0x00000000d6300000)
  from space 512K, 94% used [0x00000000d6500000,0x00000000d6578b40,0x00000000d6580000)
  to   space 1024K, 0% used [0x00000000d6380000,0x00000000d6380000,0x00000000d6480000)
 ParOldGen       total 82944K, used 82650K [0x0000000080000000, 0x0000000085100000, 0x00000000d5580000)
  object space 82944K, 99% used [0x0000000080000000,0x00000000850b6868,0x0000000085100000)
 Metaspace       used 69008K, committed 70592K, reserved 1114112K
  class space    used 7035K, committed 7744K, reserved 1048576K
}
Event: 24.202 GC heap before
{Heap before GC invocations=94 (full 3):
 PSYoungGen      total 14336K, used 14306K [0x00000000d5580000, 0x00000000d6580000, 0x0000000100000000)
  eden space 13824K, 100% used [0x00000000d5580000,0x00000000d6300000,0x00000000d6300000)
  from space 512K, 94% used [0x00000000d6500000,0x00000000d6578b40,0x00000000d6580000)
  to   space 1024K, 0% used [0x00000000d6380000,0x00000000d6380000,0x00000000d6480000)
 ParOldGen       total 82944K, used 82650K [0x0000000080000000, 0x0000000085100000, 0x00000000d5580000)
  object space 82944K, 99% used [0x0000000080000000,0x00000000850b6868,0x0000000085100000)
 Metaspace       used 69139K, committed 70720K, reserved 1114112K
  class space    used 7049K, committed 7744K, reserved 1048576K
}
Event: 24.203 GC heap after
{Heap after GC invocations=94 (full 3):
 PSYoungGen      total 14848K, used 530K [0x00000000d5580000, 0x00000000d6580000, 0x0000000100000000)
  eden space 13824K, 0% used [0x00000000d5580000,0x00000000d5580000,0x00000000d6300000)
  from space 1024K, 51% used [0x00000000d6380000,0x00000000d6404ad8,0x00000000d6480000)
  to   space 1024K, 0% used [0x00000000d6480000,0x00000000d6480000,0x00000000d6580000)
 ParOldGen       total 83456K, used 82949K [0x0000000080000000, 0x0000000085180000, 0x00000000d5580000)
  object space 83456K, 99% used [0x0000000080000000,0x0000000085101648,0x0000000085180000)
 Metaspace       used 69139K, committed 70720K, reserved 1114112K
  class space    used 7049K, committed 7744K, reserved 1048576K
}
Event: 24.234 GC heap before
{Heap before GC invocations=95 (full 3):
 PSYoungGen      total 14848K, used 14354K [0x00000000d5580000, 0x00000000d6580000, 0x0000000100000000)
  eden space 13824K, 100% used [0x00000000d5580000,0x00000000d6300000,0x00000000d6300000)
  from space 1024K, 51% used [0x00000000d6380000,0x00000000d6404ad8,0x00000000d6480000)
  to   space 1024K, 0% used [0x00000000d6480000,0x00000000d6480000,0x00000000d6580000)
 ParOldGen       total 83456K, used 82949K [0x0000000080000000, 0x0000000085180000, 0x00000000d5580000)
  object space 83456K, 99% used [0x0000000080000000,0x0000000085101648,0x0000000085180000)
 Metaspace       used 69140K, committed 70720K, reserved 1114112K
  class space    used 7049K, committed 7744K, reserved 1048576K
}
Event: 24.235 GC heap after
{Heap after GC invocations=95 (full 3):
 PSYoungGen      total 14336K, used 1023K [0x00000000d5580000, 0x00000000d6700000, 0x0000000100000000)
  eden space 13312K, 0% used [0x00000000d5580000,0x00000000d5580000,0x00000000d6280000)
  from space 1024K, 99% used [0x00000000d6480000,0x00000000d657fe20,0x00000000d6580000)
  to   space 2048K, 0% used [0x00000000d6280000,0x00000000d6280000,0x00000000d6480000)
 ParOldGen       total 83456K, used 83352K [0x0000000080000000, 0x0000000085180000, 0x00000000d5580000)
  object space 83456K, 99% used [0x0000000080000000,0x0000000085166090,0x0000000085180000)
 Metaspace       used 69140K, committed 70720K, reserved 1114112K
  class space    used 7049K, committed 7744K, reserved 1048576K
}
Event: 24.267 GC heap before
{Heap before GC invocations=96 (full 3):
 PSYoungGen      total 14336K, used 14335K [0x00000000d5580000, 0x00000000d6700000, 0x0000000100000000)
  eden space 13312K, 100% used [0x00000000d5580000,0x00000000d6280000,0x00000000d6280000)
  from space 1024K, 99% used [0x00000000d6480000,0x00000000d657fe20,0x00000000d6580000)
  to   space 2048K, 0% used [0x00000000d6280000,0x00000000d6280000,0x00000000d6480000)
 ParOldGen       total 83456K, used 83352K [0x0000000080000000, 0x0000000085180000, 0x00000000d5580000)
  object space 83456K, 99% used [0x0000000080000000,0x0000000085166090,0x0000000085180000)
 Metaspace       used 69140K, committed 70720K, reserved 1114112K
  class space    used 7049K, committed 7744K, reserved 1048576K
}
Event: 24.268 GC heap after
{Heap after GC invocations=96 (full 3):
 PSYoungGen      total 13824K, used 416K [0x00000000d5580000, 0x00000000d6500000, 0x0000000100000000)
  eden space 13312K, 0% used [0x00000000d5580000,0x00000000d5580000,0x00000000d6280000)
  from space 512K, 81% used [0x00000000d6280000,0x00000000d62e8000,0x00000000d6300000)
  to   space 1024K, 0% used [0x00000000d6400000,0x00000000d6400000,0x00000000d6500000)
 ParOldGen       total 84480K, used 84390K [0x0000000080000000, 0x0000000085280000, 0x00000000d5580000)
  object space 84480K, 99% used [0x0000000080000000,0x0000000085269a80,0x0000000085280000)
 Metaspace       used 69140K, committed 70720K, reserved 1114112K
  class space    used 7049K, committed 7744K, reserved 1048576K
}
Event: 24.291 GC heap before
{Heap before GC invocations=97 (full 3):
 PSYoungGen      total 13824K, used 13728K [0x00000000d5580000, 0x00000000d6500000, 0x0000000100000000)
  eden space 13312K, 100% used [0x00000000d5580000,0x00000000d6280000,0x00000000d6280000)
  from space 512K, 81% used [0x00000000d6280000,0x00000000d62e8000,0x00000000d6300000)
  to   space 1024K, 0% used [0x00000000d6400000,0x00000000d6400000,0x00000000d6500000)
 ParOldGen       total 84480K, used 84390K [0x0000000080000000, 0x0000000085280000, 0x00000000d5580000)
  object space 84480K, 99% used [0x0000000080000000,0x0000000085269a80,0x0000000085280000)
 Metaspace       used 69140K, committed 70720K, reserved 1114112K
  class space    used 7049K, committed 7744K, reserved 1048576K
}
Event: 24.292 GC heap after
{Heap after GC invocations=97 (full 3):
 PSYoungGen      total 13824K, used 384K [0x00000000d5580000, 0x00000000d6480000, 0x0000000100000000)
  eden space 13312K, 0% used [0x00000000d5580000,0x00000000d5580000,0x00000000d6280000)
  from space 512K, 75% used [0x00000000d6400000,0x00000000d6460000,0x00000000d6480000)
  to   space 512K, 0% used [0x00000000d6280000,0x00000000d6280000,0x00000000d6300000)
 ParOldGen       total 84992K, used 84646K [0x0000000080000000, 0x0000000085300000, 0x00000000d5580000)
  object space 84992K, 99% used [0x0000000080000000,0x00000000852a9a80,0x0000000085300000)
 Metaspace       used 69140K, committed 70720K, reserved 1114112K
  class space    used 7049K, committed 7744K, reserved 1048576K
}
Event: 24.316 GC heap before
{Heap before GC invocations=98 (full 3):
 PSYoungGen      total 13824K, used 13696K [0x00000000d5580000, 0x00000000d6480000, 0x0000000100000000)
  eden space 13312K, 100% used [0x00000000d5580000,0x00000000d6280000,0x00000000d6280000)
  from space 512K, 75% used [0x00000000d6400000,0x00000000d6460000,0x00000000d6480000)
  to   space 512K, 0% used [0x00000000d6280000,0x00000000d6280000,0x00000000d6300000)
 ParOldGen       total 84992K, used 84646K [0x0000000080000000, 0x0000000085300000, 0x00000000d5580000)
  object space 84992K, 99% used [0x0000000080000000,0x00000000852a9a80,0x0000000085300000)
 Metaspace       used 69140K, committed 70720K, reserved 1114112K
  class space    used 7049K, committed 7744K, reserved 1048576K
}
Event: 24.317 GC heap after
{Heap after GC invocations=98 (full 3):
 PSYoungGen      total 13824K, used 352K [0x00000000d5580000, 0x00000000d6480000, 0x0000000100000000)
  eden space 13312K, 0% used [0x00000000d5580000,0x00000000d5580000,0x00000000d6280000)
  from space 512K, 68% used [0x00000000d6280000,0x00000000d62d8000,0x00000000d6300000)
  to   space 512K, 0% used [0x00000000d6400000,0x00000000d6400000,0x00000000d6480000)
 ParOldGen       total 84992K, used 84894K [0x0000000080000000, 0x0000000085300000, 0x00000000d5580000)
  object space 84992K, 99% used [0x0000000080000000,0x00000000852e7a80,0x0000000085300000)
 Metaspace       used 69140K, committed 70720K, reserved 1114112K
  class space    used 7049K, committed 7744K, reserved 1048576K
}

